[0225/161916.148:ERROR:os_crypt_win.cc(93)] Failed to decrypt: Key not valid for use in specified state. (0x8009000B)
[0225/161917.531:WARNING:value_store_frontend.cc(45)] Reading mhjfbmdgcfjbbpaeojofohoefgiehjai.alarms from  failed: IO error: .../MANIFEST-000001: Unable to create sequential file (ChromeMethodBFE: 7::NewSequentialFile::1)
[0225/161917.708:ERROR:backend_impl.cc(1041)] Critical error found -8
[0225/161917.708:ERROR:entry_impl.cc(1075)] No file for c103000a
[0225/161917.708:WARNING:storage_block-inl.h(146)] Failed data load.
[0225/161917.708:WARNING:storage_block-inl.h(146)] Failed data load.
[0225/161917.708:WARNING:storage_block-inl.h(146)] Failed data load.
[0225/161917.708:WARNING:storage_block-inl.h(146)] Failed data load.
[0225/161917.709:ERROR:entry_impl.cc(1075)] No file for c1030010
[0225/161917.709:WARNING:storage_block-inl.h(146)] Failed data load.
[0225/161917.709:WARNING:storage_block-inl.h(146)] Failed data load.
[0225/161917.709:WARNING:storage_block-inl.h(146)] Failed data load.
[0225/161917.709:WARNING:storage_block-inl.h(146)] Failed data load.
[0225/161917.709:ERROR:entry_impl.cc(1075)] No file for c103000e
[0225/161917.709:WARNING:storage_block-inl.h(146)] Failed data load.
[0225/161917.709:WARNING:storage_block-inl.h(146)] Failed data load.
[0225/161917.709:WARNING:storage_block-inl.h(146)] Failed data load.
[0225/161917.709:WARNING:storage_block-inl.h(146)] Failed data load.
[0225/161917.709:ERROR:entry_impl.cc(1075)] No file for c1030000
[0225/161917.709:WARNING:storage_block-inl.h(146)] Failed data load.
[0225/161917.709:WARNING:storage_block-inl.h(146)] Failed data load.
[0225/161917.709:WARNING:storage_block-inl.h(146)] Failed data load.
[0225/161917.709:WARNING:storage_block-inl.h(146)] Failed data load.
[0225/161917.709:ERROR:entry_impl.cc(1075)] No file for c1030012
[0225/161917.709:WARNING:storage_block-inl.h(146)] Failed data load.
[0225/161917.709:WARNING:storage_block-inl.h(146)] Failed data load.
[0225/161917.709:WARNING:storage_block-inl.h(146)] Failed data load.
[0225/161917.709:WARNING:storage_block-inl.h(146)] Failed data load.
[0225/161917.709:WARNING:storage_block-inl.h(146)] Failed data load.
[0225/162116.343:ERROR:gpu_init.cc(426)] Passthrough is not supported, GL is disabled
